[INFO  - 2017-02-03T02:56:59.652Z] GhostDriver - Main - running on port 18956
[INFO  - 2017-02-03T02:57:01.410Z] Session [6f6da940-e9bc-11e6-950b-df8b85b39026] - page.settings - {"XSSAuditingEnabled":false,"javascriptCanCloseWindows":true,"javascriptCanOpenWindows":true,"javascriptEnabled":true,"loadImages":true,"localToRemoteUrlAccessEnabled":false,"userAgent":"Mozilla/5.0 (Windows NT 6.2; WOW64) AppleWebKit/538.1 (KHTML, like Gecko) PhantomJS/2.1.1 Safari/538.1","webSecurityEnabled":true}
[INFO  - 2017-02-03T02:57:01.410Z] Session [6f6da940-e9bc-11e6-950b-df8b85b39026] - page.customHeaders:  - {}
[INFO  - 2017-02-03T02:57:01.411Z] Session [6f6da940-e9bc-11e6-950b-df8b85b39026] - Session.negotiatedCapabilities - {"browserName":"phantomjs","version":"2.1.1","driverName":"ghostdriver","driverVersion":"1.2.0","platform":"windows-10-32bit","javascriptEnabled":true,"takesScreenshot":true,"handlesAlerts":false,"databaseEnabled":false,"locationContextEnabled":false,"applicationCacheEnabled":false,"browserConnectionEnabled":false,"cssSelectorsEnabled":true,"webStorageEnabled":false,"rotatable":false,"acceptSslCerts":false,"nativeEvents":true,"proxy":{"proxyType":"direct"}}
[INFO  - 2017-02-03T02:57:01.412Z] SessionManagerReqHand - _postNewSessionCommand - New Session Created: 6f6da940-e9bc-11e6-950b-df8b85b39026
[INFO  - 2017-02-03T02:57:06.819Z] ShutdownReqHand - _handle - About to shutdown
[INFO  - 2017-02-03T03:13:43.592Z] GhostDriver - Main - running on port 7550
[INFO  - 2017-02-03T03:13:44.451Z] Session [c5499250-e9be-11e6-b776-bb728197a9b8] - page.settings - {"XSSAuditingEnabled":false,"javascriptCanCloseWindows":true,"javascriptCanOpenWindows":true,"javascriptEnabled":true,"loadImages":true,"localToRemoteUrlAccessEnabled":false,"userAgent":"Mozilla/5.0 (Windows NT 6.2; WOW64) AppleWebKit/538.1 (KHTML, like Gecko) PhantomJS/2.1.1 Safari/538.1","webSecurityEnabled":true}
[INFO  - 2017-02-03T03:13:44.451Z] Session [c5499250-e9be-11e6-b776-bb728197a9b8] - page.customHeaders:  - {}
[INFO  - 2017-02-03T03:13:44.451Z] Session [c5499250-e9be-11e6-b776-bb728197a9b8] - Session.negotiatedCapabilities - {"browserName":"phantomjs","version":"2.1.1","driverName":"ghostdriver","driverVersion":"1.2.0","platform":"windows-10-32bit","javascriptEnabled":true,"takesScreenshot":true,"handlesAlerts":false,"databaseEnabled":false,"locationContextEnabled":false,"applicationCacheEnabled":false,"browserConnectionEnabled":false,"cssSelectorsEnabled":true,"webStorageEnabled":false,"rotatable":false,"acceptSslCerts":false,"nativeEvents":true,"proxy":{"proxyType":"direct"}}
[INFO  - 2017-02-03T03:13:44.452Z] SessionManagerReqHand - _postNewSessionCommand - New Session Created: c5499250-e9be-11e6-b776-bb728197a9b8
[INFO  - 2017-02-03T03:13:46.027Z] ShutdownReqHand - _handle - About to shutdown
[INFO  - 2017-02-03T05:29:56.946Z] GhostDriver - Main - running on port 39500
[INFO  - 2017-02-03T05:29:57.787Z] Session [ccfb0b60-e9d1-11e6-b500-73c226c51b55] - page.settings - {"XSSAuditingEnabled":false,"javascriptCanCloseWindows":true,"javascriptCanOpenWindows":true,"javascriptEnabled":true,"loadImages":true,"localToRemoteUrlAccessEnabled":false,"userAgent":"Mozilla/5.0 (Windows NT 6.2; WOW64) AppleWebKit/538.1 (KHTML, like Gecko) PhantomJS/2.1.1 Safari/538.1","webSecurityEnabled":true}
[INFO  - 2017-02-03T05:29:57.788Z] Session [ccfb0b60-e9d1-11e6-b500-73c226c51b55] - page.customHeaders:  - {}
[INFO  - 2017-02-03T05:29:57.788Z] Session [ccfb0b60-e9d1-11e6-b500-73c226c51b55] - Session.negotiatedCapabilities - {"browserName":"phantomjs","version":"2.1.1","driverName":"ghostdriver","driverVersion":"1.2.0","platform":"windows-10-32bit","javascriptEnabled":true,"takesScreenshot":true,"handlesAlerts":false,"databaseEnabled":false,"locationContextEnabled":false,"applicationCacheEnabled":false,"browserConnectionEnabled":false,"cssSelectorsEnabled":true,"webStorageEnabled":false,"rotatable":false,"acceptSslCerts":false,"nativeEvents":true,"proxy":{"proxyType":"direct"}}
[INFO  - 2017-02-03T05:29:57.788Z] SessionManagerReqHand - _postNewSessionCommand - New Session Created: ccfb0b60-e9d1-11e6-b500-73c226c51b55
[INFO  - 2017-02-03T05:29:58.890Z] ShutdownReqHand - _handle - About to shutdown
[INFO  - 2017-02-03T05:31:09.340Z] GhostDriver - Main - running on port 5204
[INFO  - 2017-02-03T05:31:10.041Z] Session [f80bfa30-e9d1-11e6-af66-d5b03d05ba27] - page.settings - {"XSSAuditingEnabled":false,"javascriptCanCloseWindows":true,"javascriptCanOpenWindows":true,"javascriptEnabled":true,"loadImages":true,"localToRemoteUrlAccessEnabled":false,"userAgent":"Mozilla/5.0 (Windows NT 6.2; WOW64) AppleWebKit/538.1 (KHTML, like Gecko) PhantomJS/2.1.1 Safari/538.1","webSecurityEnabled":true}
[INFO  - 2017-02-03T05:31:10.041Z] Session [f80bfa30-e9d1-11e6-af66-d5b03d05ba27] - page.customHeaders:  - {}
[INFO  - 2017-02-03T05:31:10.041Z] Session [f80bfa30-e9d1-11e6-af66-d5b03d05ba27] - Session.negotiatedCapabilities - {"browserName":"phantomjs","version":"2.1.1","driverName":"ghostdriver","driverVersion":"1.2.0","platform":"windows-10-32bit","javascriptEnabled":true,"takesScreenshot":true,"handlesAlerts":false,"databaseEnabled":false,"locationContextEnabled":false,"applicationCacheEnabled":false,"browserConnectionEnabled":false,"cssSelectorsEnabled":true,"webStorageEnabled":false,"rotatable":false,"acceptSslCerts":false,"nativeEvents":true,"proxy":{"proxyType":"direct"}}
[INFO  - 2017-02-03T05:31:10.042Z] SessionManagerReqHand - _postNewSessionCommand - New Session Created: f80bfa30-e9d1-11e6-af66-d5b03d05ba27
[INFO  - 2017-02-03T05:31:11.020Z] ShutdownReqHand - _handle - About to shutdown
[INFO  - 2017-02-03T05:31:59.245Z] GhostDriver - Main - running on port 30144
[INFO  - 2017-02-03T05:32:00.072Z] Session [15de6840-e9d2-11e6-bd9d-67de0ae2a04f] - page.settings - {"XSSAuditingEnabled":false,"javascriptCanCloseWindows":true,"javascriptCanOpenWindows":true,"javascriptEnabled":true,"loadImages":true,"localToRemoteUrlAccessEnabled":false,"userAgent":"Mozilla/5.0 (Windows NT 6.2; WOW64) AppleWebKit/538.1 (KHTML, like Gecko) PhantomJS/2.1.1 Safari/538.1","webSecurityEnabled":true}
[INFO  - 2017-02-03T05:32:00.073Z] Session [15de6840-e9d2-11e6-bd9d-67de0ae2a04f] - page.customHeaders:  - {}
[INFO  - 2017-02-03T05:32:00.073Z] Session [15de6840-e9d2-11e6-bd9d-67de0ae2a04f] - Session.negotiatedCapabilities - {"browserName":"phantomjs","version":"2.1.1","driverName":"ghostdriver","driverVersion":"1.2.0","platform":"windows-10-32bit","javascriptEnabled":true,"takesScreenshot":true,"handlesAlerts":false,"databaseEnabled":false,"locationContextEnabled":false,"applicationCacheEnabled":false,"browserConnectionEnabled":false,"cssSelectorsEnabled":true,"webStorageEnabled":false,"rotatable":false,"acceptSslCerts":false,"nativeEvents":true,"proxy":{"proxyType":"direct"}}
[INFO  - 2017-02-03T05:32:00.073Z] SessionManagerReqHand - _postNewSessionCommand - New Session Created: 15de6840-e9d2-11e6-bd9d-67de0ae2a04f
[INFO  - 2017-02-03T05:32:00.878Z] ShutdownReqHand - _handle - About to shutdown
[INFO  - 2017-02-03T05:33:13.773Z] GhostDriver - Main - running on port 47316
[INFO  - 2017-02-03T05:33:14.538Z] Session [4240b640-e9d2-11e6-a0e9-d5bbcfbf94b2] - page.settings - {"XSSAuditingEnabled":false,"javascriptCanCloseWindows":true,"javascriptCanOpenWindows":true,"javascriptEnabled":true,"loadImages":true,"localToRemoteUrlAccessEnabled":false,"userAgent":"Mozilla/5.0 (Windows NT 6.2; WOW64) AppleWebKit/538.1 (KHTML, like Gecko) PhantomJS/2.1.1 Safari/538.1","webSecurityEnabled":true}
[INFO  - 2017-02-03T05:33:14.538Z] Session [4240b640-e9d2-11e6-a0e9-d5bbcfbf94b2] - page.customHeaders:  - {}
[INFO  - 2017-02-03T05:33:14.538Z] Session [4240b640-e9d2-11e6-a0e9-d5bbcfbf94b2] - Session.negotiatedCapabilities - {"browserName":"phantomjs","version":"2.1.1","driverName":"ghostdriver","driverVersion":"1.2.0","platform":"windows-10-32bit","javascriptEnabled":true,"takesScreenshot":true,"handlesAlerts":false,"databaseEnabled":false,"locationContextEnabled":false,"applicationCacheEnabled":false,"browserConnectionEnabled":false,"cssSelectorsEnabled":true,"webStorageEnabled":false,"rotatable":false,"acceptSslCerts":false,"nativeEvents":true,"proxy":{"proxyType":"direct"}}
[INFO  - 2017-02-03T05:33:14.539Z] SessionManagerReqHand - _postNewSessionCommand - New Session Created: 4240b640-e9d2-11e6-a0e9-d5bbcfbf94b2
[INFO  - 2017-02-03T05:33:15.564Z] ShutdownReqHand - _handle - About to shutdown
